INFO, 2024-02-19 01:53:58,772, views, 4908, 2408, Была запущена функцияrandom_number
INFO, 2024-02-19 01:53:58,951, views, 4908, 6296, Была запущена функцияrandom_number
INFO, 2024-02-19 01:53:59,141, views, 4908, 6296, Была запущена функцияrandom_number
INFO, 2024-02-19 01:53:59,328, views, 4908, 6296, Была запущена функцияrandom_number
INFO, 2024-02-19 01:53:59,558, views, 4908, 6296, Была запущена функцияrandom_number
INFO, 2024-02-19 02:13:00,149, views, 10272, 5188, Была запущена функцияrandom_number, которая вернула 77
INFO, 2024-02-19 02:13:01,553, views, 10272, 13060, Была запущена функцияrandom_number, которая вернула 21
INFO, 2024-02-19 23:30:32,937, views, 12168, 18548, Была запущена функцияlog_page, которая вернула \xd0\xa1\xd1\x82\xd1\x80\xd0\xb0\xd0\xbd\xd0\xb8\xd1\x86\xd0\xb0 \xd0\xbe \xd1\x81\xd0\xb0\xd0\xb9\xd1\x82\xd0\xb5
INFO, 2024-02-19 23:41:51,472, views, 15300, 16068, Была запущена функцияlog_main, которая вернула \xd0\x93\xd0\xbb\xd0\xb0\xd0\xb2\xd0\xbd\xd0\xb0\xd1\x8f \xd1\x81\xd1\x82\xd1\x80\xd0\xb0\xd0\xbd\xd0\xb8\xd1\x86\xd0\xb0 \xd1\x81\xd0\xb0\xd0\xb9\xd1\x82\xd0\xb0
INFO, 2024-02-19 23:41:51,488, views, 15300, 16068, Была запущена функцияlog_main, которая вернула \xd0\x93\xd0\xbb\xd0\xb0\xd0\xb2\xd0\xbd\xd0\xb0\xd1\x8f \xd1\x81\xd1\x82\xd1\x80\xd0\xb0\xd0\xbd\xd0\xb8\xd1\x86\xd0\xb0 \xd1\x81\xd0\xb0\xd0\xb9\xd1\x82\xd0\xb0
INFO, 2024-02-19 23:45:44,578, views, 11664, 11136, Была запущена функцияlog_main, которая вернула \xd0\x93\xd0\xbb\xd0\xb0\xd0\xb2\xd0\xbd\xd0\xb0\xd1\x8f \xd1\x81\xd1\x82\xd1\x80\xd0\xb0\xd0\xbd\xd0\xb8\xd1\x86\xd0\xb0 \xd1\x81\xd0\xb0\xd0\xb9\xd1\x82\xd0\xb0
INFO, 2024-02-19 23:45:44,588, views, 11664, 11136, Была запущена функцияlog_main, которая вернула b'<h1>\xd0\x93\xd0\xbb\xd0\xb0\xd0\xb2\xd0\xbd\xd0\xb0\xd1\x8f \xd1\x81\xd1\x82\xd1\x80\xd0\xb0\xd0\xbd\xd0\xb8\xd1\x86\xd0\xb0 \xd1\x81\xd0\xb0\xd0\xb9\xd1\x82\xd0\xb0
INFO, 2024-02-19 23:48:51,972, views, 12980, 4296, Была запущена функцияlog_main, которая вернула \xd0\x93\xd0\xbb\xd0\xb0\xd0\xb2\xd0\xbd\xd0\xb0\xd1\x8f \xd1\x81\xd1\x82\xd1\x80\xd0\xb0\xd0\xbd\xd0\xb8\xd1\x86\xd0\xb0 \xd1\x81\xd0\xb0\xd0\xb9\xd1\x82\xd0\xb0
INFO, 2024-02-19 23:48:51,972, views, 12980, 4296, Была запущена функцияlog_main, которая вернула b\xd0\x93\xd0\xbb\xd0\xb0\xd0\xb2\xd0\xbd\xd0\xb0\xd1\x8f \xd1\x81\xd1\x82\xd1\x80\xd0\xb0\xd0\xbd\xd0\xb8\xd1\x86\xd0\xb0 \xd1\x81\xd0\xb0\xd0\xb9\xd1\x82\xd0\xb0
INFO, 2024-02-19 23:49:41,480, views, 18340, 18336, Была запущена функцияlog_main, которая вернула \xd0\x93\xd0\xbb\xd0\xb0\xd0\xb2\xd0\xbd\xd0\xb0\xd1\x8f \xd1\x81\xd1\x82\xd1\x80\xd0\xb0\xd0\xbd\xd0\xb8\xd1\x86\xd0\xb0 \xd1\x81\xd0\xb0\xd0\xb9\xd1\x82\xd0\xb0
INFO, 2024-02-19 23:49:41,490, views, 18340, 18336, Была запущена функцияlog_main, которая вернула b'<h1>\xd0\x93\xd0\xbb\xd0\xb0\xd0\xb2\xd0\xbd\xd0\xb0\xd1\x8f \xd1\x81\xd1\x82\xd1\x80\xd0\xb0\xd0\xbd\xd0\xb8\xd1\x86\xd0\xb0 \xd1\x81\xd0\xb0\xd0\xb9\xd1\x82\xd0\xb0</h1>'
INFO, 2024-02-20 00:06:12,437, views, 15068, 18180, Была запущена функцияlog_main, которая вернула \xd0\x93\xd0\xbb\xd0\xb0\xd0\xb2\xd0\xbd\xd0\xb0\xd1\x8f \xd1\x81\xd1\x82\xd1\x80\xd0\xb0\xd0\xbd\xd0\xb8\xd1\x86\xd0\xb0 \xd1\x81\xd0\xb0\xd0\xb9\xd1\x82\xd0\xb0
INFO, 2024-02-20 00:13:29,717, views, 11244, 12140, Была запущена функцияlog_main, которая вернула \xd0\x93\xd0\xbb\xd0\xb0\xd0\xb2\xd0\xbd\xd0\xb0\xd1\x8f \xd1\x81\xd1\x82\xd1\x80\xd0\xb0\xd0\xbd\xd0\xb8\xd1\x86\xd0\xb0 \xd1\x81\xd0\xb0\xd0\xb9\xd1\x82\xd0\xb0
INFO, 2024-02-21 02:18:59,880, views, 14736, 13228, Была запущена функцияlog_main, которая вернула \xd0\x93\xd0\xbb\xd0\xb0\xd0\xb2\xd0\xbd\xd0\xb0\xd1\x8f \xd1\x81\xd1\x82\xd1\x80\xd0\xb0\xd0\xbd\xd0\xb8\xd1\x86\xd0\xb0 \xd1\x81\xd0\xb0\xd0\xb9\xd1\x82\xd0\xb0
INFO, 2024-02-21 02:19:05,265, views, 14736, 4632, Была запущена функцияlog_main, которая вернула \xd0\x93\xd0\xbb\xd0\xb0\xd0\xb2\xd0\xbd\xd0\xb0\xd1\x8f \xd1\x81\xd1\x82\xd1\x80\xd0\xb0\xd0\xbd\xd0\xb8\xd1\x86\xd0\xb0 \xd1\x81\xd0\xb0\xd0\xb9\xd1\x82\xd0\xb0
INFO, 2024-02-21 02:24:00,012, views, 14736, 7808, Index page accessed
INFO, 2024-02-21 02:30:17,769, views, 14736, 7808, Index page accessed
INFO, 2024-02-21 02:31:42,962, views, 14736, 7808, Index page accessed
ERROR, 2024-02-21 02:35:55,687, views, 14736, 16368, Error in about pade: division by zero
Traceback (most recent call last):
  File "D:\python-обучение-3\my_project\myproject\myapp\views.py", line 18, in about
    result = 1 / 0
ZeroDivisionError: division by zero
INFO, 2024-02-21 02:43:54,802, views, 16944, 5064, Была запущена функцияlog_page, которая вернула \xd0\xa1\xd1\x82\xd1\x80\xd0\xb0\xd0\xbd\xd0\xb8\xd1\x86\xd0\xb0 \xd0\xbe \xd1\x81\xd0\xb0\xd0\xb9\xd1\x82\xd0\xb5
INFO, 2024-02-21 02:44:17,796, views, 16944, 5064, Была запущена функцияrandom_number, которая вернула 71
INFO, 2024-02-21 03:10:52,005, views, 16008, 6228, Была запущена функцияrandom_number, которая вернула 69
INFO, 2024-02-21 03:12:16,786, views, 16008, 6228, Была запущена функцияdice, которая вернула 5
INFO, 2024-02-23 01:06:27,303, views, 12752, 5180, Была запущена функцияrandom_number, которая вернула 12
